<?xml version="1.0" encoding="UTF-8"?>
<!-- Generated by org.testng.reporters.JUnitXMLReporter -->
<testsuite ignored="2" hostname="DASHLAPTOP" failures="0" tests="4" name="test-runner2" time="6.497" errors="0" timestamp="2023-11-27T15:10:36 IST">
  <testcase classname="com.TestNG.SampleTest" name="sample1" time="0.022"/>
  <testcase classname="com.TestNG.SimpleTest" name="simple1" time="0.003"/>
  <testcase classname="com.TestNG.SampleTest" name="sample2" time="0.007"/>
  <testcase classname="com.TestNG.SimpleTest" name="simple2" time="0.005"/>
  <testcase classname="com.onlinebanking.kredvista.GenericUtils.BaseClass" name="@AfterSuite config_AS" time="0.0">
    <ignored/>
  </testcase> <!-- @AfterSuite config_AS -->
  <testcase classname="com.onlinebanking.kredvista.GenericUtils.BaseClass" name="@BeforeSuite config_DB" time="0.0">
    <ignored/>
  </testcase> <!-- @BeforeSuite config_DB -->
</testsuite> <!-- test-runner2 -->
