<?xml version="1.0" encoding="UTF-8"?>
<!-- Generated by org.testng.reporters.JUnitReportReporter -->
<testsuite hostname="DASHLAPTOP" failures="0" tests="1" name="com.practice_package.AmazonPriceTest" time="24.915" errors="0" timestamp="2023-11-08T09:21:38 IST" skipped="0">
  <testcase classname="com.practice_package.AmazonPriceTest" name="testMethod" time="24.915"/>
</testsuite> <!-- com.practice_package.AmazonPriceTest -->
