<?xml version="1.0" encoding="UTF-8"?>
<!-- Generated by org.testng.reporters.JUnitReportReporter -->
<testsuite hostname="DASHLAPTOP" failures="0" tests="2" name="com.staffModule.TC_03_ApproveAndActiveCustomer" time="31.375" errors="0" timestamp="2023-11-23T15:20:47 IST" skipped="0">
  <testcase classname="com.staffModule.TC_03_ApproveAndActiveCustomer" name="approveAndView" time="17.395"/>
  <system-out/>
  <testcase classname="com.staffModule.TC_03_ApproveAndActiveCustomer" name="generateApplNo" time="13.980"/>
  <system-out/>
</testsuite> <!-- com.staffModule.TC_03_ApproveAndActiveCustomer -->
