<?xml version="1.0" encoding="UTF-8"?>
<!-- Generated by org.testng.reporters.JUnitReportReporter -->
<testsuite hostname="DASHLAPTOP" failures="0" tests="1" name="com.practice_package.ProkabaddiStandingsTest" time="8.465" errors="0" timestamp="2023-11-07T22:10:45 IST" skipped="0">
  <testcase classname="com.practice_package.ProkabaddiStandingsTest" name="testMethod" time="8.465"/>
</testsuite> <!-- com.practice_package.ProkabaddiStandingsTest -->
