<?xml version="1.0" encoding="UTF-8"?>
<!-- Generated by org.testng.reporters.JUnitReportReporter -->
<testsuite hostname="DASHLAPTOP" failures="0" tests="5" name="com.TestNG.TestNGAnnotationTest" time="0.021" errors="0" timestamp="2023-11-20T13:47:48 IST" skipped="0">
  <testcase classname="com.TestNG.TestNGAnnotationTest" name="deleteTest" time="0.003"/>
  <system-out/>
  <testcase classname="com.TestNG.TestNGAnnotationTest" name="editTest" time="0.011"/>
  <system-out/>
  <testcase classname="com.TestNG.TestNGAnnotationTest" name="modifyTest" time="0.001"/>
  <system-out/>
  <testcase classname="com.TestNG.TestNGAnnotationTest" name="createTest" time="0.004"/>
  <system-out/>
  <testcase classname="com.TestNG.TestNGAnnotationTest" name="createTest" time="0.002"/>
  <system-out/>
</testsuite> <!-- com.TestNG.TestNGAnnotationTest -->
