<?xml version="1.0" encoding="UTF-8"?>
<!-- Generated by org.testng.reporters.JUnitReportReporter -->
<testsuite hostname="DASHLAPTOP" failures="0" tests="1" name="com.openAccount.TC_01_OpenApproveViewActiveCustomerTest" time="36.446" errors="0" timestamp="2023-11-13T17:47:02 IST" skipped="0">
  <testcase classname="com.openAccount.TC_01_OpenApproveViewActiveCustomerTest" name="TC_01" time="36.446"/>
</testsuite> <!-- com.openAccount.TC_01_OpenApproveViewActiveCustomerTest -->
