<?xml version="1.0" encoding="UTF-8"?>
<!-- Generated by org.testng.reporters.JUnitReportReporter -->
<testsuite hostname="DASHLAPTOP" failures="0" tests="2" name="com.TestNG.DataProviderTest" time="0.014" errors="0" timestamp="2023-11-20T15:46:16 IST" skipped="0">
  <testcase classname="com.TestNG.DataProviderTest" name="getData" time="0.012"/>
  <system-out/>
  <testcase classname="com.TestNG.DataProviderTest" name="getData" time="0.002"/>
  <system-out/>
</testsuite> <!-- com.TestNG.DataProviderTest -->
