<?xml version="1.0" encoding="UTF-8"?>
<!-- Generated by org.testng.reporters.JUnitReportReporter -->
<testsuite hostname="DASHLAPTOP" failures="0" tests="2" name="com.practice_package.ReadDataFromCommandPromptTest" time="0.040" errors="0" timestamp="2023-11-10T13:23:21 IST" skipped="0">
  <testcase classname="com.practice_package.ReadDataFromCommandPromptTest" name="writeData" time="0.016"/>
  <testcase classname="com.practice_package.ReadDataFromCommandPromptTest" name="readData" time="0.024"/>
</testsuite> <!-- com.practice_package.ReadDataFromCommandPromptTest -->
