<?xml version="1.0" encoding="UTF-8"?>
<!-- Generated by org.testng.reporters.JUnitReportReporter -->
<testsuite hostname="DASHLAPTOP" failures="0" tests="2" name="com.TestNG.SampleTest" time="3.085" errors="0" timestamp="2023-11-27T15:10:36 IST" skipped="0">
  <testcase classname="com.TestNG.SampleTest" name="sample1" time="1.986"/>
  <system-out/>
  <testcase classname="com.TestNG.SampleTest" name="sample2" time="1.099"/>
  <system-out/>
</testsuite> <!-- com.TestNG.SampleTest -->
