<?xml version="1.0" encoding="UTF-8"?>
<!-- Generated by org.testng.reporters.JUnitReportReporter -->
<testsuite hostname="DASHLAPTOP" failures="0" tests="1" name="com.practice_package.CmdParameterTest" time="5.276" errors="0" timestamp="2023-11-10T15:47:29 IST" skipped="0">
  <testcase classname="com.practice_package.CmdParameterTest" name="cmdParameterTest" time="5.276"/>
</testsuite> <!-- com.practice_package.CmdParameterTest -->
