<?xml version="1.0" encoding="UTF-8"?>
<!-- Generated by org.testng.reporters.JUnitReportReporter -->
<testsuite hostname="DASHLAPTOP" failures="0" tests="1" name="com.staffModule.DeleteAndViewPOMTest" time="6.047" errors="0" timestamp="2023-11-23T14:02:29 IST" skipped="0">
  <testcase classname="com.staffModule.DeleteAndViewPOMTest" name="deleteModuleTest" time="6.047"/>
  <system-out>
    <![CDATA[deleteModuleTest-----TestScript execution starts from here-----
deleteModuleTest----- Testscript executed successfully----]]>
  </system-out>
</testsuite> <!-- com.staffModule.DeleteAndViewPOMTest -->
