<?xml version="1.0" encoding="UTF-8"?>
<!-- Generated by org.testng.reporters.JUnitReportReporter -->
<testsuite hostname="DASHLAPTOP" failures="0" tests="1" name="com.staffModule.ViewCustomerCreditCheckBalancePOMTest" time="6.183" errors="0" timestamp="2023-11-23T14:02:29 IST" skipped="0">
  <testcase classname="com.staffModule.ViewCustomerCreditCheckBalancePOMTest" name="staffModuleTest2" time="6.183"/>
  <system-out>
    <![CDATA[staffModuleTest2-----TestScript execution starts from here-----
staffModuleTest2----- Testscript executed successfully----]]>
  </system-out>
</testsuite> <!-- com.staffModule.ViewCustomerCreditCheckBalancePOMTest -->
