<?xml version="1.0" encoding="UTF-8"?>
<!-- Generated by org.testng.reporters.JUnitReportReporter -->
<testsuite hostname="DASHLAPTOP" failures="0" tests="2" name="com.TestNG.SimpleTest" time="3.647" errors="0" timestamp="2023-11-27T15:10:36 IST" skipped="0">
  <testcase classname="com.TestNG.SimpleTest" name="simple1" time="2.548"/>
  <system-out/>
  <testcase classname="com.TestNG.SimpleTest" name="simple2" time="1.099"/>
  <system-out/>
</testsuite> <!-- com.TestNG.SimpleTest -->
