<?xml version="1.0" encoding="UTF-8"?>
<!-- Generated by org.testng.reporters.JUnitReportReporter -->
<testsuite hostname="DASHLAPTOP" failures="0" tests="1" name="com.staffModule.DeleteAndViewGenericlibTest" time="12.013" errors="0" timestamp="2023-11-21T13:14:03 IST" skipped="0">
  <testcase classname="com.staffModule.DeleteAndViewGenericlibTest" name="staffModuleTest" time="12.013"/>
  <system-out/>
</testsuite> <!-- com.staffModule.DeleteAndViewGenericlibTest -->
