<?xml version="1.0" encoding="UTF-8"?>
<!-- Generated by org.testng.reporters.JUnitReportReporter -->
<testsuite hostname="DASHLAPTOP" failures="0" tests="2" name="com.TestNG.DataProviderExecutionTest" time="0.017" errors="0" timestamp="2023-11-20T16:01:50 IST" skipped="0">
  <testcase classname="com.TestNG.DataProviderExecutionTest" name="executeDataProvider" time="0.014"/>
  <system-out/>
  <testcase classname="com.TestNG.DataProviderExecutionTest" name="executeDataProvider" time="0.003"/>
  <system-out/>
</testsuite> <!-- com.TestNG.DataProviderExecutionTest -->
