<?xml version="1.0" encoding="UTF-8"?>
<!-- Generated by org.testng.reporters.JUnitReportReporter -->
<testsuite hostname="DASHLAPTOP" failures="0" tests="1" name="com.internetBanking.TC_37_InternetBankingFundTransfer" time="13.903" errors="0" timestamp="2023-11-16T13:40:03 IST" skipped="0">
  <testcase classname="com.internetBanking.TC_37_InternetBankingFundTransfer" name="internetBankingTest" time="13.903"/>
</testsuite> <!-- com.internetBanking.TC_37_InternetBankingFundTransfer -->
