<?xml version="1.0" encoding="UTF-8"?>
<!-- Generated by org.testng.reporters.JUnitReportReporter -->
<testsuite hostname="DASHLAPTOP" failures="0" tests="7" name="com.TestNG.DataProviderExcelUtilsTest" time="0.040" errors="0" timestamp="2023-11-21T21:59:28 IST" skipped="0">
  <testcase classname="com.TestNG.DataProviderExcelUtilsTest" name="getData" time="0.007"/>
  <system-out/>
  <testcase classname="com.TestNG.DataProviderExcelUtilsTest" name="getData" time="0.006"/>
  <system-out/>
  <testcase classname="com.TestNG.DataProviderExcelUtilsTest" name="getData" time="0.003"/>
  <system-out/>
  <testcase classname="com.TestNG.DataProviderExcelUtilsTest" name="getData" time="0.002"/>
  <system-out/>
  <testcase classname="com.TestNG.DataProviderExcelUtilsTest" name="getData" time="0.002"/>
  <system-out/>
  <testcase classname="com.TestNG.DataProviderExcelUtilsTest" name="getData" time="0.003"/>
  <system-out/>
  <testcase classname="com.TestNG.DataProviderExcelUtilsTest" name="getData" time="0.017"/>
  <system-out/>
</testsuite> <!-- com.TestNG.DataProviderExcelUtilsTest -->
