<?xml version="1.0" encoding="UTF-8"?>
<!-- Generated by org.testng.reporters.JUnitReportReporter -->
<testsuite hostname="DASHLAPTOP" failures="0" tests="1" name="com.practice_package.IccRankTest" time="29.395" errors="0" timestamp="2023-11-07T18:09:42 IST" skipped="0">
  <testcase classname="com.practice_package.IccRankTest" name="testMethod" time="29.395"/>
</testsuite> <!-- com.practice_package.IccRankTest -->
