<?xml version="1.0" encoding="UTF-8"?>
<!-- Generated by org.testng.reporters.JUnitReportReporter -->
<testsuite hostname="DASHLAPTOP" failures="0" tests="7" name="com.TestNG.ExcelDataProviderDataTest" time="0.035" errors="0" timestamp="2023-11-20T16:10:25 IST" skipped="0">
  <testcase classname="com.TestNG.ExcelDataProviderDataTest" name="getExcelData" time="0.007"/>
  <system-out/>
  <testcase classname="com.TestNG.ExcelDataProviderDataTest" name="getExcelData" time="0.005"/>
  <system-out/>
  <testcase classname="com.TestNG.ExcelDataProviderDataTest" name="getExcelData" time="0.010"/>
  <system-out/>
  <testcase classname="com.TestNG.ExcelDataProviderDataTest" name="getExcelData" time="0.006"/>
  <system-out/>
  <testcase classname="com.TestNG.ExcelDataProviderDataTest" name="getExcelData" time="0.002"/>
  <system-out/>
  <testcase classname="com.TestNG.ExcelDataProviderDataTest" name="getExcelData" time="0.003"/>
  <system-out/>
  <testcase classname="com.TestNG.ExcelDataProviderDataTest" name="getExcelData" time="0.002"/>
  <system-out/>
</testsuite> <!-- com.TestNG.ExcelDataProviderDataTest -->
