<?xml version="1.0" encoding="UTF-8"?>
<!-- Generated by org.testng.reporters.JUnitReportReporter -->
<testsuite hostname="DASHLAPTOP" failures="0" tests="1" name="com.internetBanking.InternetBankingUsingGenericLibAndPOMTest" time="12.710" errors="0" timestamp="2023-11-22T18:10:38 IST" skipped="0">
  <testcase classname="com.internetBanking.InternetBankingUsingGenericLibAndPOMTest" name="internetBankingTest" time="12.710"/>
  <system-out/>
</testsuite> <!-- com.internetBanking.InternetBankingUsingGenericLibAndPOMTest -->
