<?xml version="1.0" encoding="UTF-8"?>
<!-- Generated by org.testng.reporters.JUnitReportReporter -->
<testsuite hostname="DASHLAPTOP" failures="0" tests="1" name="com.practice_package.OnlineBankingCmdTest" time="6.553" errors="0" timestamp="2023-11-10T16:50:37 IST" skipped="0">
  <testcase classname="com.practice_package.OnlineBankingCmdTest" name="writeParameter" time="6.553"/>
</testsuite> <!-- com.practice_package.OnlineBankingCmdTest -->
