<?xml version="1.0" encoding="UTF-8"?>
<!-- Generated by org.testng.reporters.JUnitReportReporter -->
<testsuite hostname="DASHLAPTOP" failures="0" tests="1" name="com.openAccount.OpenApproveViewTest" time="23.000" errors="0" timestamp="2023-11-16T10:14:36 IST" skipped="0">
  <testcase classname="com.openAccount.OpenApproveViewTest" name="TC_01" time="23.000"/>
</testsuite> <!-- com.openAccount.OpenApproveViewTest -->
