<?xml version="1.0" encoding="UTF-8"?>
<!-- Generated by org.testng.reporters.JUnitReportReporter -->
<testsuite hostname="DASHLAPTOP" failures="0" tests="1" name="com.staffModule.TC_15_DeleteAndViewCustomer" time="10.764" errors="0" timestamp="2023-11-13T12:08:02 IST" skipped="0">
  <testcase classname="com.staffModule.TC_15_DeleteAndViewCustomer" name="staffModuleTest" time="10.764"/>
</testsuite> <!-- com.staffModule.TC_15_DeleteAndViewCustomer -->
