<?xml version="1.0" encoding="UTF-8"?>
<!-- Generated by org.testng.reporters.JUnitReportReporter -->
<testsuite hostname="DASHLAPTOP" failures="0" tests="2" name="com.staffModule.ApproveAndActivePOMTest" time="24.483" errors="0" timestamp="2023-11-23T15:38:40 IST" skipped="0">
  <testcase classname="com.staffModule.ApproveAndActivePOMTest" name="generateApplNo" time="11.488"/>
  <system-out/>
  <testcase classname="com.staffModule.ApproveAndActivePOMTest" name="approveAndView" time="12.995"/>
  <system-out/>
</testsuite> <!-- com.staffModule.ApproveAndActivePOMTest -->
