<?xml version="1.0" encoding="UTF-8"?>
<!-- Generated by org.testng.reporters.JUnitReportReporter -->
<testsuite hostname="DASHLAPTOP" failures="0" tests="1" name="com.staffModule.ViewCustomerCreditCheckBalanceTest" time="35.715" errors="0" timestamp="2023-11-21T13:45:18 IST" skipped="0">
  <testcase classname="com.staffModule.ViewCustomerCreditCheckBalanceTest" name="staffModuleTest2" time="35.715"/>
  <system-out/>
</testsuite> <!-- com.staffModule.ViewCustomerCreditCheckBalanceTest -->
