<?xml version="1.0" encoding="UTF-8"?>
<!-- Generated by org.testng.reporters.JUnitReportReporter -->
<testsuite hostname="DASHLAPTOP" failures="0" tests="2" name="com.TestNG.PracticeTest" time="4.992" errors="0" timestamp="2023-11-27T15:10:36 IST" skipped="0">
  <testcase classname="com.TestNG.PracticeTest" name="practice2" time="3.834"/>
  <system-out/>
  <testcase classname="com.TestNG.PracticeTest" name="practice1" time="1.158"/>
  <system-out/>
</testsuite> <!-- com.TestNG.PracticeTest -->
