<?xml version="1.0" encoding="UTF-8"?>
<!-- Generated by org.testng.reporters.JUnitReportReporter -->
<testsuite hostname="DASHLAPTOP" failures="0" tests="1" name="com.practice_package.CricbuzzLiveTest" time="17.450" errors="0" timestamp="2023-11-08T15:35:25 IST" skipped="0">
  <testcase classname="com.practice_package.CricbuzzLiveTest" name="testMethod" time="17.450"/>
</testsuite> <!-- com.practice_package.CricbuzzLiveTest -->
