<?xml version="1.0" encoding="UTF-8"?>
<!-- Generated by org.testng.reporters.JUnitReportReporter -->
<testsuite hostname="DASHLAPTOP" failures="0" tests="2" name="com.TestNG.AnnotationOrderOfExecutionTest" time="0.018" errors="0" timestamp="2023-11-20T17:59:49 IST" skipped="0">
  <testcase classname="com.TestNG.AnnotationOrderOfExecutionTest" name="test2" time="0.005"/>
  <system-out/>
  <testcase classname="com.TestNG.AnnotationOrderOfExecutionTest" name="test1" time="0.013"/>
  <system-out/>
</testsuite> <!-- com.TestNG.AnnotationOrderOfExecutionTest -->
