<?xml version="1.0" encoding="UTF-8"?>
<!-- Generated by org.testng.reporters.JUnitReportReporter -->
<testsuite hostname="DASHLAPTOP" failures="0" tests="1" name="com.staffModule.TC_10_ViewCustCreditCheckBalance" time="8.066" errors="0" timestamp="2023-11-13T16:20:49 IST" skipped="0">
  <testcase classname="com.staffModule.TC_10_ViewCustCreditCheckBalance" name="staffModuleTest2" time="8.066"/>
</testsuite> <!-- com.staffModule.TC_10_ViewCustCreditCheckBalance -->
